<?xml version="1.0" encoding="UTF-8"?>
<!-- Generated by org.testng.reporters.JUnitReportReporter -->
<testsuite hostname="BekkeringHome" failures="0" tests="1" name="eost.LicenseTest" time="0.017" errors="0" timestamp="2023-11-19T19:51:01 CST" skipped="0">
  <testcase classname="eost.LicenseTest" name="test_premium" time="0.017"/>
  <system-out/>
</testsuite> <!-- eost.LicenseTest -->
