<?xml version="1.0" encoding="UTF-8"?>
<!-- Generated by org.testng.reporters.JUnitReportReporter -->
<testsuite hostname="LAPTOP-VP4GFQ0G" failures="0" tests="15" name="eost.LicenseTest" time="0.031" errors="0" timestamp="2023-11-20T12:12:47 CST" skipped="0">
  <testcase classname="eost.LicenseTest" name="test_premium" time="0.000"/>
  <system-out/>
  <testcase classname="eost.LicenseTest" name="test_premium" time="0.000"/>
  <system-out/>
  <testcase classname="eost.LicenseTest" name="test_premium" time="0.000"/>
  <system-out/>
  <testcase classname="eost.LicenseTest" name="test_premium" time="0.000"/>
  <system-out/>
  <testcase classname="eost.LicenseTest" name="test_premium" time="0.000"/>
  <system-out/>
  <testcase classname="eost.LicenseTest" name="test_premium" time="0.000"/>
  <system-out/>
  <testcase classname="eost.LicenseTest" name="test_premium" time="0.031"/>
  <system-out/>
  <testcase classname="eost.LicenseTest" name="test_premium" time="0.000"/>
  <system-out/>
  <testcase classname="eost.LicenseTest" name="test_premium" time="0.000"/>
  <system-out/>
  <testcase classname="eost.LicenseTest" name="test_premium" time="0.000"/>
  <system-out/>
  <testcase classname="eost.LicenseTest" name="test_premium" time="0.000"/>
  <system-out/>
  <testcase classname="eost.LicenseTest" name="test_premium" time="0.000"/>
  <system-out/>
  <testcase classname="eost.LicenseTest" name="test_premium" time="0.000"/>
  <system-out/>
  <testcase classname="eost.LicenseTest" name="test_premium" time="0.000"/>
  <system-out/>
  <testcase classname="eost.LicenseTest" name="test_premium" time="0.000"/>
  <system-out/>
</testsuite> <!-- eost.LicenseTest -->
