<?xml version="1.0" encoding="UTF-8"?>
<!-- Generated by org.testng.reporters.JUnitReportReporter -->
<testsuite hostname="BekkeringHome" failures="0" tests="5" name="eost.LicenseTest" time="0.021" errors="0" timestamp="2023-11-20T11:05:59 CST" skipped="0">
  <testcase classname="eost.LicenseTest" name="test_premium" time="0.000"/>
  <system-out/>
  <testcase classname="eost.LicenseTest" name="test_premium" time="0.000"/>
  <system-out/>
  <testcase classname="eost.LicenseTest" name="test_premium" time="0.001"/>
  <system-out/>
  <testcase classname="eost.LicenseTest" name="test_premium" time="0.000"/>
  <system-out/>
  <testcase classname="eost.LicenseTest" name="test_premium" time="0.020"/>
  <system-out/>
</testsuite> <!-- eost.LicenseTest -->
